<?xml version="1.0" encoding="UTF-8"?>
<!-- Generated by org.testng.reporters.JUnitReportReporter -->
<testsuite hostname="DESKTOP-LOSCQCA" failures="0" tests="1" name="testNG.TestNGReporterClass" time="6.473" errors="0" timestamp="01 Jun 2023 05:38:55 GMT" skipped="0">
  <testcase classname="testNG.TestNGReporterClass" name="testNGReportUsingReporterClass" time="6.473"/>
</testsuite> <!-- testNG.TestNGReporterClass -->
