<?xml version="1.0" encoding="UTF-8"?>
<!-- Generated by org.testng.reporters.JUnitReportReporter -->
<testsuite hostname="DESKTOP-LOSCQCA" failures="0" tests="2" name="crossBrowserTestingPackage.CrossBrowserTesting" time="36.254" errors="0" timestamp="28 Jul 2023 20:17:46 GMT" skipped="0">
  <testcase classname="crossBrowserTestingPackage.CrossBrowserTesting" name="verifyTitle" time="25.689"/>
  <testcase classname="crossBrowserTestingPackage.CrossBrowserTesting" name="verifyTitle" time="10.565"/>
</testsuite> <!-- crossBrowserTestingPackage.CrossBrowserTesting -->
