<?xml version="1.0" encoding="UTF-8"?>
<!-- Generated by org.testng.reporters.JUnitReportReporter -->
<testsuite hostname="DESKTOP-LOSCQCA" failures="0" tests="3" name="crossBrowserTestingPackage.CrossBrowserTesting" time="86.665" errors="0" timestamp="2023-12-24T23:12:26 IST" skipped="0">
  <testcase classname="crossBrowserTestingPackage.CrossBrowserTesting" name="verifyTitle" time="23.554"/>
  <system-out/>
  <testcase classname="crossBrowserTestingPackage.CrossBrowserTesting" name="verifyTitle" time="12.842"/>
  <system-out/>
  <testcase classname="crossBrowserTestingPackage.CrossBrowserTesting" name="verifyTitle" time="50.269"/>
  <system-out/>
</testsuite> <!-- crossBrowserTestingPackage.CrossBrowserTesting -->
