<?xml version="1.0" encoding="UTF-8"?>
<!-- Generated by org.testng.reporters.JUnitReportReporter -->
<testsuite hostname="DESKTOP-LOSCQCA" failures="0" tests="4" name="dataProviderAnnotation.DataProviterWithExcel" time="31.009" errors="0" timestamp="31 May 2023 14:33:18 GMT" skipped="0">
  <testcase classname="dataProviderAnnotation.DataProviterWithExcel" name="clickAndEnterInSearchBox" time="7.280"/>
  <testcase classname="dataProviderAnnotation.DataProviterWithExcel" name="clickAndEnterInSearchBox" time="11.158"/>
  <testcase classname="dataProviderAnnotation.DataProviterWithExcel" name="clickAndEnterInSearchBox" time="6.056"/>
  <testcase classname="dataProviderAnnotation.DataProviterWithExcel" name="clickAndEnterInSearchBox" time="6.515"/>
</testsuite> <!-- dataProviderAnnotation.DataProviterWithExcel -->
