<?xml version="1.0" encoding="UTF-8"?>
<!-- Generated by org.testng.reporters.JUnitReportReporter -->
<testsuite hostname="DESKTOP-LOSCQCA" failures="0" tests="2" name="testNG.ParallelTestingClass1" time="21.546" errors="0" timestamp="28 Jul 2023 13:38:51 GMT" skipped="0">
  <testcase classname="testNG.ParallelTestingClass1" name="verifyLogo" time="12.285"/>
  <testcase classname="testNG.ParallelTestingClass1" name="verifyTitle" time="9.261"/>
</testsuite> <!-- testNG.ParallelTestingClass1 -->
