<?xml version="1.0" encoding="UTF-8"?>
<!-- Generated by org.testng.reporters.JUnitReportReporter -->
<testsuite hostname="DESKTOP-LOSCQCA" failures="0" tests="2" name="dataProviderAnnotation.DataProviterWithHardCodedValues" time="12.867" errors="0" timestamp="31 May 2023 14:33:18 GMT" skipped="0">
  <testcase classname="dataProviderAnnotation.DataProviterWithHardCodedValues" name="clickAndEnterInSearchBox" time="5.917"/>
  <testcase classname="dataProviderAnnotation.DataProviterWithHardCodedValues" name="clickAndEnterInSearchBox" time="6.950"/>
</testsuite> <!-- dataProviderAnnotation.DataProviterWithHardCodedValues -->
