<?xml version="1.0" encoding="UTF-8"?>
<!-- Generated by org.testng.reporters.JUnitReportReporter -->
<testsuite hostname="DESKTOP-LOSCQCA" failures="0" tests="3" name="ListBox.TimeOutDemo" time="0.038" errors="0" timestamp="08 Oct 2023 10:19:35 GMT" skipped="0">
  <testcase classname="ListBox.TimeOutDemo" name="LoanContact" time="0.004"/>
  <testcase classname="ListBox.TimeOutDemo" name="LandingPage" time="0.020"/>
  <testcase classname="ListBox.TimeOutDemo" name="ContactVerify" time="0.014"/>
</testsuite> <!-- ListBox.TimeOutDemo -->
