<?xml version="1.0" encoding="UTF-8"?>
<!-- Generated by org.testng.reporters.JUnitReportReporter -->
<testsuite hostname="DESKTOP-LOSCQCA" failures="0" tests="1" name="testNG.ParallelTestingClass2" time="14.317" errors="0" timestamp="28 Jul 2023 13:38:51 GMT" skipped="0">
  <testcase classname="testNG.ParallelTestingClass2" name="verifyTitle" time="14.317"/>
</testsuite> <!-- testNG.ParallelTestingClass2 -->
