<?xml version="1.0" encoding="UTF-8"?>
<!-- Generated by org.testng.reporters.JUnitReportReporter -->
<testsuite hostname="DESKTOP-LOSCQCA" failures="0" tests="1" name="ListBox.SoftAssert1" time="0.017" errors="0" timestamp="08 Oct 2023 10:31:25 GMT" skipped="0">
  <testcase classname="ListBox.SoftAssert1" name="verifyPageTitle" time="0.017"/>
</testsuite> <!-- ListBox.SoftAssert1 -->
