<?xml version="1.0" encoding="UTF-8"?>
<!-- Generated by org.testng.reporters.JUnitReportReporter -->
<testsuite hostname="DESKTOP-LOSCQCA" failures="0" tests="7" name="ListBox.ClassName1" time="0.020" errors="0" timestamp="08 Oct 2023 07:55:02 GMT" skipped="0">
  <testcase classname="ListBox.ClassName1" name="login" time="0.010"/>
  <testcase classname="ListBox.ClassName1" name="addVendor" time="0.001"/>
  <testcase classname="ListBox.ClassName1" name="advancedSearch" time="0.002"/>
  <testcase classname="ListBox.ClassName1" name="search" time="0.002"/>
  <testcase classname="ListBox.ClassName1" name="prepaidRecharge" time="0.002"/>
  <testcase classname="ListBox.ClassName1" name="billPayments" time="0.002"/>
  <testcase classname="ListBox.ClassName1" name="logout" time="0.001"/>
</testsuite> <!-- ListBox.ClassName1 -->
