<?xml version="1.0" encoding="UTF-8"?>
<!-- Generated by org.testng.reporters.JUnitReportReporter -->
<testsuite hostname="DESKTOP-LOSCQCA" failures="0" tests="3" name="ListBox.Priority" time="0.016" errors="0" timestamp="08 Oct 2023 07:36:19 GMT" skipped="0">
  <testcase classname="ListBox.Priority" name="abcd" time="0.009"/>
  <testcase classname="ListBox.Priority" name="verifyTitle" time="0.005"/>
  <testcase classname="ListBox.Priority" name="xyz" time="0.002"/>
</testsuite> <!-- ListBox.Priority -->
